<?xml version="1.0" encoding="UTF-8"?>
<testng-results ignored="0" total="2" passed="2" failed="0" skipped="0">
  <reporter-output>
  </reporter-output>
  <suite started-at="2023-12-16T06:25:57Z" name="Default suite" finished-at="2023-12-16T06:26:07Z" duration-ms="10304">
    <groups>
    </groups>
    <test started-at="2023-12-16T06:25:57Z" name="Default test" finished-at="2023-12-16T06:26:07Z" duration-ms="10304">
      <class name="JourneyTest.WebTestAutomation.RegisterUserTest">
        <test-method is-config="true" signature="setup()[pri:0, instance:JourneyTest.WebTestAutomation.RegisterUserTest@58ce9668]" started-at="2023-12-16T06:25:57Z" name="setup" finished-at="2023-12-16T06:26:04Z" duration-ms="7343" status="PASS">
          <reporter-output>
          </reporter-output>
        </test-method> <!-- setup -->
        <test-method signature="registerUser()[pri:0, instance:JourneyTest.WebTestAutomation.RegisterUserTest@58ce9668]" started-at="2023-12-16T06:26:04Z" name="registerUser" finished-at="2023-12-16T06:26:06Z" duration-ms="1788" status="PASS">
          <reporter-output>
          </reporter-output>
        </test-method> <!-- registerUser -->
        <test-method signature="loginUser()[pri:1, instance:JourneyTest.WebTestAutomation.RegisterUserTest@58ce9668]" started-at="2023-12-16T06:26:06Z" name="loginUser" finished-at="2023-12-16T06:26:06Z" duration-ms="379" status="PASS">
          <reporter-output>
          </reporter-output>
        </test-method> <!-- loginUser -->
        <test-method is-config="true" signature="tearDown()[pri:0, instance:JourneyTest.WebTestAutomation.RegisterUserTest@58ce9668]" started-at="2023-12-16T06:26:06Z" name="tearDown" finished-at="2023-12-16T06:26:07Z" duration-ms="752" status="PASS">
          <reporter-output>
          </reporter-output>
        </test-method> <!-- tearDown -->
      </class> <!-- JourneyTest.WebTestAutomation.RegisterUserTest -->
    </test> <!-- Default test -->
  </suite> <!-- Default suite -->
</testng-results>
